2025-04-01 20:15:54,177 - __main__ - INFO - Starting pipeline
2025-04-01 20:15:54,539 - numexpr.utils - INFO - NumExpr defaulting to 8 threads.
2025-04-01 20:15:54,988 - preprocessing.preprocessing_pipeline - INFO - Stripping leading/trailing spaces...
2025-04-01 20:15:55,039 - utils.preprocessing_utils - INFO - No leading/trailing spaces found in that object columns.
2025-04-01 20:15:55,039 - preprocessing.preprocessing_pipeline - INFO - Standardizing missing value placeholders...
2025-04-01 20:15:55,301 - preprocessing.preprocessing_pipeline - INFO - Converting object columns with numeric-looking values...
2025-04-01 20:15:55,686 - utils.preprocessing_utils - INFO -  No numeric-looking object columns found.
2025-04-01 20:15:55,687 - preprocessing.preprocessing_pipeline - INFO - Removing duplicate rows...
2025-04-01 20:15:55,825 - utils.preprocessing_utils - INFO - Removed 24 duplicated rows.
2025-04-01 20:15:55,826 - preprocessing.preprocessing_pipeline - INFO - Dropping irrelevant features based on config...
2025-04-01 20:15:55,831 - utils.preprocessing_utils - INFO -  Dropped irrelevant features: ['relationship', 'capital-loss', 'capital-gain', 'marital-status', 'fnlwgt', 'occupation']
2025-04-01 20:15:55,834 - preprocessing.preprocessing_pipeline - INFO - Discretizing variables...
2025-04-01 20:15:55,855 - utils.preprocessing_utils - INFO - 
 Distribution for age_range:
2025-04-01 20:15:55,857 - utils.preprocessing_utils - INFO - 
age_range
30-45    12357
15-30    10558
45-60     7291
60-75     2091
75-90      240
2025-04-01 20:15:55,865 - utils.preprocessing_utils - INFO - 
 Distribution for hours-per-week_range:
2025-04-01 20:15:55,865 - utils.preprocessing_utils - INFO - 
hours-per-week_range
21-40     20037
41-60      8466
0-20       2924
61-80       902
81-100      208
2025-04-01 20:15:55,874 - preprocessing.preprocessing_pipeline - INFO - Will save cleaned CSV to: c:\Users\deart\Desktop\Tesi\My_Work\outputs\cleaned_data_for_cfd.csv
2025-04-01 20:15:55,941 - preprocessing.preprocessing_pipeline - INFO - Cleaned CSV saved to: c:\Users\deart\Desktop\Tesi\My_Work\outputs\cleaned_data_for_cfd.csv
